[15:36:38.645] Global cache location 'C:/Users/raisa/AppData/Local/Microsoft/TypeScript/4.6', safe file path 'c:/users/raisa/appdata/roaming/npm/node_modules/typescript/lib/typingsafelist.json', types map path c:/users/raisa/appdata/roaming/npm/node_modules/typescript/lib/typesmap.json
[15:36:38.647] Processing cache location 'C:/Users/raisa/AppData/Local/Microsoft/TypeScript/4.6'
[15:36:38.647] Trying to find 'C:/Users/raisa/AppData/Local/Microsoft/TypeScript/4.6/package.json'...
[15:36:38.656] Loaded content of 'C:/Users/raisa/AppData/Local/Microsoft/TypeScript/4.6/package.json': {"private":true,"dependencies":{"types-registry":"^0.1.593"},"devDependencies":{"@types/balanced-match":"^1.0.2","@types/bcrypt":"^5.0.0","@types/bluebird":"^3.5.36","@types/body-parser":"^1.19.2","@types/brace-expansion":"^1.1.0","@types/bytes":"^3.1.1","@types/call-bind":"^1.0.0","@types/caniuse-lite":"^1.0.1","@types/chai":"^4.3.1","@types/concat-map":"^0.0.1","@types/content-disposition":"^0.5.5","@types/content-type":"^1.1.5","@types/cookie":"^0.5.1","@types/cookie-parser":"^1.4.3","@types/cookie-signature":"^1.0.4","@types/cors":"^2.8.12","@types/craco__craco":"^6.4.0","@types/d":"^1.0.1","@types/debug":"^4.1.7","@types/depd":"^1.1.32","@types/destroy":"^1.0.0","@types/detective":"^5.1.2","@types/dom-parser":"^0.1.1","@types/ee-first":"^1.1.0","@types/encodeurl":"^1.0.0","@types/escape-html":"^1.0.2","@types/eslint":"^8.4.2","@types/etag":"^1.8.1","@types/express":"^4.17.13","@types/express-session":"^1.17.4","@types/finalhandler":"^1.1.1","@types/forwarded":"^0.1.0","@types/fresh":"^0.5.0","@types/function-bind":"^1.1.6","@types/glob":"^7.2.0","@types/has":"^1.0.0","@types/http-errors":"^1.8.2","@types/immediate":"^3.2.0","@types/inherits":"^0.0.30","@types/isarray":"^2.0.0","@types/jade":"^0.0.31","@types/jsonwebtoken":"^8.5.8","@types/jws":"^3.2.4","@types/lodash":"^4.14.180","@types/lodash.foreach":"^4.5.7","@types/lodash.get":"^4.4.7","@types/lodash.includes":"^4.3.7","@types/lodash.isboolean":"^3.0.7","@types/lodash.isinteger":"^4.0.7","@types/lodash.isnumber":"^3.0.7","@types/lodash.isplainobject":"^4.0.7","@types/lodash.isstring":"^4.0.7","@types/lodash.once":"^4.1.7","@types/media-typer":"^1.1.1","@types/merge-descriptors":"^1.0.1","@types/methods":"^1.1.1","@types/mime":"^2.0.3","@types/mime-db":"^1.43.1","@types/mime-types":"^2.1.1","@types/min-document":"^2.19.0","@types/minimatch":"^3.0.5","@types/mocha":"^9.1.1","@types/mongoose-unique-validator":"^1.0.6","@types/morgan":"^1.9.3","@types/ms":"^0.7.31","@types/node":"^17.0.21","@types/node-fetch":"^2.6.1","@types/nopt":"^3.0.29","@types/npmlog":"^4.1.4","@types/on-finished":"^2.3.1","@types/once":"^1.4.0","@types/pako":"^2.0.0","@types/parseurl":"^1.3.1","@types/passport":"^1.0.7","@types/passport-jwt":"^3.0.6","@types/passport-local":"^1.0.34","@types/passport-strategy":"^0.2.35","@types/path-is-absolute":"^1.0.0","@types/pause":"^0.1.0","@types/prettier":"^2.6.1","@types/proxy-addr":"^2.0.0","@types/puppeteer":"^5.4.6","@types/range-parser":"^1.2.4","@types/react":"^18.0.9","@types/react-burger-menu":"^2.8.3","@types/react-dom":"^18.0.4","@types/react-redux":"^7.1.24","@types/react-router-dom":"^5.3.3","@types/readable-stream":"^2.3.13","@types/rimraf":"^3.0.2","@types/safer-buffer":"^2.1.0","@types/selenium-webdriver":"^4.1.0","@types/sequelize":"^4.28.13","@types/serve-static":"^1.13.10","@types/sqlite3":"^3.1.8","@types/statuses":"^2.0.0","@types/styled-components":"^5.1.25","@types/tailwindcss":"^3.0.10","@types/testing-library__jest-dom":"^5.14.3","@types/tmp":"^0.2.3","@types/type-is":"^1.6.3","@types/util-deprecate":"^1.0.0","@types/utils-merge":"^0.0.28","@types/vary":"^1.1.0","@types/video.js":"^7.3.40","@types/webpack":"^5.28.0","@types/ws":"^8.5.3","@types/xmldom":"^0.1.31","@types/youtube-player":"^5.5.6"}}
[15:36:38.657] Loaded content of 'C:/Users/raisa/AppData/Local/Microsoft/TypeScript/4.6/package-lock.json'
[15:36:38.685] Adding entry into typings cache: 'balanced-match' => 'C:/Users/raisa/AppData/Local/Microsoft/TypeScript/4.6/node_modules/@types/balanced-match/index.d.ts'
[15:36:38.692] Adding entry into typings cache: 'bcrypt' => 'C:/Users/raisa/AppData/Local/Microsoft/TypeScript/4.6/node_modules/@types/bcrypt/index.d.ts'
[15:36:38.696] Adding entry into typings cache: 'bluebird' => 'C:/Users/raisa/AppData/Local/Microsoft/TypeScript/4.6/node_modules/@types/bluebird/index.d.ts'
[15:36:38.707] Adding entry into typings cache: 'body-parser' => 'C:/Users/raisa/AppData/Local/Microsoft/TypeScript/4.6/node_modules/@types/body-parser/index.d.ts'
[15:36:38.721] Adding entry into typings cache: 'brace-expansion' => 'C:/Users/raisa/AppData/Local/Microsoft/TypeScript/4.6/node_modules/@types/brace-expansion/index.d.ts'
[15:36:38.734] Adding entry into typings cache: 'bytes' => 'C:/Users/raisa/AppData/Local/Microsoft/TypeScript/4.6/node_modules/@types/bytes/index.d.ts'
[15:36:38.748] Adding entry into typings cache: 'call-bind' => 'C:/Users/raisa/AppData/Local/Microsoft/TypeScript/4.6/node_modules/@types/call-bind/index.d.ts'
[15:36:38.776] Adding entry into typings cache: 'caniuse-lite' => 'C:/Users/raisa/AppData/Local/Microsoft/TypeScript/4.6/node_modules/@types/caniuse-lite/index.d.ts'
[15:36:38.789] Adding entry into typings cache: 'chai' => 'C:/Users/raisa/AppData/Local/Microsoft/TypeScript/4.6/node_modules/@types/chai/index.d.ts'
[15:36:38.794] Adding entry into typings cache: 'concat-map' => 'C:/Users/raisa/AppData/Local/Microsoft/TypeScript/4.6/node_modules/@types/concat-map/index.d.ts'
[15:36:38.798] Adding entry into typings cache: 'content-disposition' => 'C:/Users/raisa/AppData/Local/Microsoft/TypeScript/4.6/node_modules/@types/content-disposition/index.d.ts'
[15:36:38.803] Adding entry into typings cache: 'content-type' => 'C:/Users/raisa/AppData/Local/Microsoft/TypeScript/4.6/node_modules/@types/content-type/index.d.ts'
[15:36:38.808] Adding entry into typings cache: 'cookie' => 'C:/Users/raisa/AppData/Local/Microsoft/TypeScript/4.6/node_modules/@types/cookie/index.d.ts'
[15:36:38.819] Adding entry into typings cache: 'cookie-parser' => 'C:/Users/raisa/AppData/Local/Microsoft/TypeScript/4.6/node_modules/@types/cookie-parser/index.d.ts'
[15:36:38.824] Adding entry into typings cache: 'cookie-signature' => 'C:/Users/raisa/AppData/Local/Microsoft/TypeScript/4.6/node_modules/@types/cookie-signature/index.d.ts'
[15:36:38.829] Adding entry into typings cache: 'cors' => 'C:/Users/raisa/AppData/Local/Microsoft/TypeScript/4.6/node_modules/@types/cors/index.d.ts'
[15:36:38.834] Adding entry into typings cache: 'craco__craco' => 'C:/Users/raisa/AppData/Local/Microsoft/TypeScript/4.6/node_modules/@types/craco__craco/index.d.ts'
[15:36:38.838] Adding entry into typings cache: 'd' => 'C:/Users/raisa/AppData/Local/Microsoft/TypeScript/4.6/node_modules/@types/d/index.d.ts'
[15:36:38.850] Adding entry into typings cache: 'debug' => 'C:/Users/raisa/AppData/Local/Microsoft/TypeScript/4.6/node_modules/@types/debug/index.d.ts'
[15:36:38.856] Adding entry into typings cache: 'depd' => 'C:/Users/raisa/AppData/Local/Microsoft/TypeScript/4.6/node_modules/@types/depd/index.d.ts'
[15:36:38.861] Adding entry into typings cache: 'destroy' => 'C:/Users/raisa/AppData/Local/Microsoft/TypeScript/4.6/node_modules/@types/destroy/index.d.ts'
[15:36:38.866] Adding entry into typings cache: 'detective' => 'C:/Users/raisa/AppData/Local/Microsoft/TypeScript/4.6/node_modules/@types/detective/index.d.ts'
[15:36:38.871] Adding entry into typings cache: 'dom-parser' => 'C:/Users/raisa/AppData/Local/Microsoft/TypeScript/4.6/node_modules/@types/dom-parser/index.d.ts'
[15:36:38.876] Adding entry into typings cache: 'ee-first' => 'C:/Users/raisa/AppData/Local/Microsoft/TypeScript/4.6/node_modules/@types/ee-first/index.d.ts'
[15:36:38.882] Adding entry into typings cache: 'encodeurl' => 'C:/Users/raisa/AppData/Local/Microsoft/TypeScript/4.6/node_modules/@types/encodeurl/index.d.ts'
[15:36:38.886] Adding entry into typings cache: 'escape-html' => 'C:/Users/raisa/AppData/Local/Microsoft/TypeScript/4.6/node_modules/@types/escape-html/index.d.ts'
[15:36:38.892] Adding entry into typings cache: 'eslint' => 'C:/Users/raisa/AppData/Local/Microsoft/TypeScript/4.6/node_modules/@types/eslint/index.d.ts'
[15:36:38.897] Adding entry into typings cache: 'etag' => 'C:/Users/raisa/AppData/Local/Microsoft/TypeScript/4.6/node_modules/@types/etag/index.d.ts'
[15:36:38.907] Adding entry into typings cache: 'express' => 'C:/Users/raisa/AppData/Local/Microsoft/TypeScript/4.6/node_modules/@types/express/index.d.ts'
[15:36:38.932] Adding entry into typings cache: 'express-session' => 'C:/Users/raisa/AppData/Local/Microsoft/TypeScript/4.6/node_modules/@types/express-session/index.d.ts'
[15:36:38.947] Adding entry into typings cache: 'finalhandler' => 'C:/Users/raisa/AppData/Local/Microsoft/TypeScript/4.6/node_modules/@types/finalhandler/index.d.ts'
[15:36:38.970] Adding entry into typings cache: 'forwarded' => 'C:/Users/raisa/AppData/Local/Microsoft/TypeScript/4.6/node_modules/@types/forwarded/index.d.ts'
[15:36:38.985] Adding entry into typings cache: 'fresh' => 'C:/Users/raisa/AppData/Local/Microsoft/TypeScript/4.6/node_modules/@types/fresh/index.d.ts'
[15:36:38.993] Adding entry into typings cache: 'function-bind' => 'C:/Users/raisa/AppData/Local/Microsoft/TypeScript/4.6/node_modules/@types/function-bind/index.d.ts'
[15:36:38.998] Adding entry into typings cache: 'glob' => 'C:/Users/raisa/AppData/Local/Microsoft/TypeScript/4.6/node_modules/@types/glob/index.d.ts'
[15:36:39.003] Adding entry into typings cache: 'has' => 'C:/Users/raisa/AppData/Local/Microsoft/TypeScript/4.6/node_modules/@types/has/index.d.ts'
[15:36:39.007] Adding entry into typings cache: 'http-errors' => 'C:/Users/raisa/AppData/Local/Microsoft/TypeScript/4.6/node_modules/@types/http-errors/index.d.ts'
[15:36:39.010] Adding entry into typings cache: 'immediate' => 'C:/Users/raisa/AppData/Local/Microsoft/TypeScript/4.6/node_modules/@types/immediate/index.d.ts'
[15:36:39.013] Adding entry into typings cache: 'inherits' => 'C:/Users/raisa/AppData/Local/Microsoft/TypeScript/4.6/node_modules/@types/inherits/index.d.ts'
[15:36:39.018] Adding entry into typings cache: 'isarray' => 'C:/Users/raisa/AppData/Local/Microsoft/TypeScript/4.6/node_modules/@types/isarray/index.d.ts'
[15:36:39.021] Adding entry into typings cache: 'jade' => 'C:/Users/raisa/AppData/Local/Microsoft/TypeScript/4.6/node_modules/@types/jade/index.d.ts'
[15:36:39.027] Adding entry into typings cache: 'jsonwebtoken' => 'C:/Users/raisa/AppData/Local/Microsoft/TypeScript/4.6/node_modules/@types/jsonwebtoken/index.d.ts'
[15:36:39.031] Adding entry into typings cache: 'jws' => 'C:/Users/raisa/AppData/Local/Microsoft/TypeScript/4.6/node_modules/@types/jws/index.d.ts'
[15:36:39.037] Adding entry into typings cache: 'lodash' => 'C:/Users/raisa/AppData/Local/Microsoft/TypeScript/4.6/node_modules/@types/lodash/index.d.ts'
[15:36:39.043] Adding entry into typings cache: 'lodash.foreach' => 'C:/Users/raisa/AppData/Local/Microsoft/TypeScript/4.6/node_modules/@types/lodash.foreach/index.d.ts'
[15:36:39.048] Adding entry into typings cache: 'lodash.get' => 'C:/Users/raisa/AppData/Local/Microsoft/TypeScript/4.6/node_modules/@types/lodash.get/index.d.ts'
[15:36:39.052] Adding entry into typings cache: 'lodash.includes' => 'C:/Users/raisa/AppData/Local/Microsoft/TypeScript/4.6/node_modules/@types/lodash.includes/index.d.ts'
[15:36:39.058] Adding entry into typings cache: 'lodash.isboolean' => 'C:/Users/raisa/AppData/Local/Microsoft/TypeScript/4.6/node_modules/@types/lodash.isboolean/index.d.ts'
[15:36:39.064] Adding entry into typings cache: 'lodash.isinteger' => 'C:/Users/raisa/AppData/Local/Microsoft/TypeScript/4.6/node_modules/@types/lodash.isinteger/index.d.ts'
[15:36:39.069] Adding entry into typings cache: 'lodash.isnumber' => 'C:/Users/raisa/AppData/Local/Microsoft/TypeScript/4.6/node_modules/@types/lodash.isnumber/index.d.ts'
[15:36:39.073] Adding entry into typings cache: 'lodash.isplainobject' => 'C:/Users/raisa/AppData/Local/Microsoft/TypeScript/4.6/node_modules/@types/lodash.isplainobject/index.d.ts'
[15:36:39.077] Adding entry into typings cache: 'lodash.isstring' => 'C:/Users/raisa/AppData/Local/Microsoft/TypeScript/4.6/node_modules/@types/lodash.isstring/index.d.ts'
[15:36:39.080] Adding entry into typings cache: 'lodash.once' => 'C:/Users/raisa/AppData/Local/Microsoft/TypeScript/4.6/node_modules/@types/lodash.once/index.d.ts'
[15:36:39.085] Adding entry into typings cache: 'media-typer' => 'C:/Users/raisa/AppData/Local/Microsoft/TypeScript/4.6/node_modules/@types/media-typer/index.d.ts'
[15:36:39.090] Adding entry into typings cache: 'merge-descriptors' => 'C:/Users/raisa/AppData/Local/Microsoft/TypeScript/4.6/node_modules/@types/merge-descriptors/index.d.ts'
[15:36:39.094] Adding entry into typings cache: 'methods' => 'C:/Users/raisa/AppData/Local/Microsoft/TypeScript/4.6/node_modules/@types/methods/index.d.ts'
[15:36:39.098] Adding entry into typings cache: 'mime' => 'C:/Users/raisa/AppData/Local/Microsoft/TypeScript/4.6/node_modules/@types/mime/index.d.ts'
[15:36:39.109] Adding entry into typings cache: 'mime-db' => 'C:/Users/raisa/AppData/Local/Microsoft/TypeScript/4.6/node_modules/@types/mime-db/index.d.ts'
[15:36:39.116] Adding entry into typings cache: 'mime-types' => 'C:/Users/raisa/AppData/Local/Microsoft/TypeScript/4.6/node_modules/@types/mime-types/index.d.ts'
[15:36:39.122] Adding entry into typings cache: 'min-document' => 'C:/Users/raisa/AppData/Local/Microsoft/TypeScript/4.6/node_modules/@types/min-document/index.d.ts'
[15:36:39.126] Adding entry into typings cache: 'minimatch' => 'C:/Users/raisa/AppData/Local/Microsoft/TypeScript/4.6/node_modules/@types/minimatch/index.d.ts'
[15:36:39.130] Adding entry into typings cache: 'mocha' => 'C:/Users/raisa/AppData/Local/Microsoft/TypeScript/4.6/node_modules/@types/mocha/index.d.ts'
[15:36:39.136] Adding entry into typings cache: 'mongoose-unique-validator' => 'C:/Users/raisa/AppData/Local/Microsoft/TypeScript/4.6/node_modules/@types/mongoose-unique-validator/index.d.ts'
[15:36:39.140] Adding entry into typings cache: 'morgan' => 'C:/Users/raisa/AppData/Local/Microsoft/TypeScript/4.6/node_modules/@types/morgan/index.d.ts'
[15:36:39.150] Adding entry into typings cache: 'ms' => 'C:/Users/raisa/AppData/Local/Microsoft/TypeScript/4.6/node_modules/@types/ms/index.d.ts'
[15:36:39.158] Adding entry into typings cache: 'node' => 'C:/Users/raisa/AppData/Local/Microsoft/TypeScript/4.6/node_modules/@types/node/index.d.ts'
[15:36:39.164] Adding entry into typings cache: 'node-fetch' => 'C:/Users/raisa/AppData/Local/Microsoft/TypeScript/4.6/node_modules/@types/node-fetch/index.d.ts'
[15:36:39.168] Adding entry into typings cache: 'nopt' => 'C:/Users/raisa/AppData/Local/Microsoft/TypeScript/4.6/node_modules/@types/nopt/index.d.ts'
[15:36:39.171] Adding entry into typings cache: 'npmlog' => 'C:/Users/raisa/AppData/Local/Microsoft/TypeScript/4.6/node_modules/@types/npmlog/index.d.ts'
[15:36:39.175] Adding entry into typings cache: 'on-finished' => 'C:/Users/raisa/AppData/Local/Microsoft/TypeScript/4.6/node_modules/@types/on-finished/index.d.ts'
[15:36:39.177] Adding entry into typings cache: 'once' => 'C:/Users/raisa/AppData/Local/Microsoft/TypeScript/4.6/node_modules/@types/once/index.d.ts'
[15:36:39.181] Adding entry into typings cache: 'pako' => 'C:/Users/raisa/AppData/Local/Microsoft/TypeScript/4.6/node_modules/@types/pako/index.d.ts'
[15:36:39.187] Adding entry into typings cache: 'parseurl' => 'C:/Users/raisa/AppData/Local/Microsoft/TypeScript/4.6/node_modules/@types/parseurl/index.d.ts'
[15:36:39.194] Adding entry into typings cache: 'passport' => 'C:/Users/raisa/AppData/Local/Microsoft/TypeScript/4.6/node_modules/@types/passport/index.d.ts'
[15:36:39.202] Adding entry into typings cache: 'passport-jwt' => 'C:/Users/raisa/AppData/Local/Microsoft/TypeScript/4.6/node_modules/@types/passport-jwt/index.d.ts'
[15:36:39.209] Adding entry into typings cache: 'passport-local' => 'C:/Users/raisa/AppData/Local/Microsoft/TypeScript/4.6/node_modules/@types/passport-local/index.d.ts'
[15:36:39.221] Adding entry into typings cache: 'passport-strategy' => 'C:/Users/raisa/AppData/Local/Microsoft/TypeScript/4.6/node_modules/@types/passport-strategy/index.d.ts'
[15:36:39.230] Adding entry into typings cache: 'path-is-absolute' => 'C:/Users/raisa/AppData/Local/Microsoft/TypeScript/4.6/node_modules/@types/path-is-absolute/index.d.ts'
[15:36:39.239] Adding entry into typings cache: 'pause' => 'C:/Users/raisa/AppData/Local/Microsoft/TypeScript/4.6/node_modules/@types/pause/index.d.ts'
[15:36:39.252] Adding entry into typings cache: 'prettier' => 'C:/Users/raisa/AppData/Local/Microsoft/TypeScript/4.6/node_modules/@types/prettier/index.d.ts'
[15:36:39.262] Adding entry into typings cache: 'proxy-addr' => 'C:/Users/raisa/AppData/Local/Microsoft/TypeScript/4.6/node_modules/@types/proxy-addr/index.d.ts'
[15:36:39.273] Adding entry into typings cache: 'puppeteer' => 'C:/Users/raisa/AppData/Local/Microsoft/TypeScript/4.6/node_modules/@types/puppeteer/index.d.ts'
[15:36:39.278] Adding entry into typings cache: 'range-parser' => 'C:/Users/raisa/AppData/Local/Microsoft/TypeScript/4.6/node_modules/@types/range-parser/index.d.ts'
[15:36:39.283] Adding entry into typings cache: 'react' => 'C:/Users/raisa/AppData/Local/Microsoft/TypeScript/4.6/node_modules/@types/react/index.d.ts'
[15:36:39.286] Adding entry into typings cache: 'react-burger-menu' => 'C:/Users/raisa/AppData/Local/Microsoft/TypeScript/4.6/node_modules/@types/react-burger-menu/index.d.ts'
[15:36:39.290] Adding entry into typings cache: 'react-dom' => 'C:/Users/raisa/AppData/Local/Microsoft/TypeScript/4.6/node_modules/@types/react-dom/index.d.ts'
[15:36:39.295] Adding entry into typings cache: 'react-redux' => 'C:/Users/raisa/AppData/Local/Microsoft/TypeScript/4.6/node_modules/@types/react-redux/index.d.ts'
[15:36:39.300] Adding entry into typings cache: 'react-router-dom' => 'C:/Users/raisa/AppData/Local/Microsoft/TypeScript/4.6/node_modules/@types/react-router-dom/index.d.ts'
[15:36:39.304] Adding entry into typings cache: 'readable-stream' => 'C:/Users/raisa/AppData/Local/Microsoft/TypeScript/4.6/node_modules/@types/readable-stream/index.d.ts'
[15:36:39.307] Adding entry into typings cache: 'rimraf' => 'C:/Users/raisa/AppData/Local/Microsoft/TypeScript/4.6/node_modules/@types/rimraf/index.d.ts'
[15:36:39.311] Adding entry into typings cache: 'safer-buffer' => 'C:/Users/raisa/AppData/Local/Microsoft/TypeScript/4.6/node_modules/@types/safer-buffer/index.d.ts'
[15:36:39.315] Adding entry into typings cache: 'selenium-webdriver' => 'C:/Users/raisa/AppData/Local/Microsoft/TypeScript/4.6/node_modules/@types/selenium-webdriver/index.d.ts'
[15:36:39.320] Adding entry into typings cache: 'sequelize' => 'C:/Users/raisa/AppData/Local/Microsoft/TypeScript/4.6/node_modules/@types/sequelize/index.d.ts'
[15:36:39.325] Adding entry into typings cache: 'serve-static' => 'C:/Users/raisa/AppData/Local/Microsoft/TypeScript/4.6/node_modules/@types/serve-static/index.d.ts'
[15:36:39.330] Adding entry into typings cache: 'sqlite3' => 'C:/Users/raisa/AppData/Local/Microsoft/TypeScript/4.6/node_modules/@types/sqlite3/index.d.ts'
[15:36:39.334] Adding entry into typings cache: 'statuses' => 'C:/Users/raisa/AppData/Local/Microsoft/TypeScript/4.6/node_modules/@types/statuses/index.d.ts'
[15:36:39.338] Adding entry into typings cache: 'styled-components' => 'C:/Users/raisa/AppData/Local/Microsoft/TypeScript/4.6/node_modules/@types/styled-components/index.d.ts'
[15:36:39.342] Adding entry into typings cache: 'tailwindcss' => 'C:/Users/raisa/AppData/Local/Microsoft/TypeScript/4.6/node_modules/@types/tailwindcss/index.d.ts'
[15:36:39.346] Adding entry into typings cache: 'testing-library__jest-dom' => 'C:/Users/raisa/AppData/Local/Microsoft/TypeScript/4.6/node_modules/@types/testing-library__jest-dom/index.d.ts'
[15:36:39.350] Adding entry into typings cache: 'tmp' => 'C:/Users/raisa/AppData/Local/Microsoft/TypeScript/4.6/node_modules/@types/tmp/index.d.ts'
[15:36:39.353] Adding entry into typings cache: 'type-is' => 'C:/Users/raisa/AppData/Local/Microsoft/TypeScript/4.6/node_modules/@types/type-is/index.d.ts'
[15:36:39.357] Adding entry into typings cache: 'util-deprecate' => 'C:/Users/raisa/AppData/Local/Microsoft/TypeScript/4.6/node_modules/@types/util-deprecate/index.d.ts'
[15:36:39.360] Adding entry into typings cache: 'utils-merge' => 'C:/Users/raisa/AppData/Local/Microsoft/TypeScript/4.6/node_modules/@types/utils-merge/index.d.ts'
[15:36:39.363] Adding entry into typings cache: 'vary' => 'C:/Users/raisa/AppData/Local/Microsoft/TypeScript/4.6/node_modules/@types/vary/index.d.ts'
[15:36:39.368] Adding entry into typings cache: 'video.js' => 'C:/Users/raisa/AppData/Local/Microsoft/TypeScript/4.6/node_modules/@types/video.js/index.d.ts'
[15:36:39.383] Adding entry into typings cache: 'webpack' => 'C:/Users/raisa/AppData/Local/Microsoft/TypeScript/4.6/node_modules/webpack/types.d.ts'
[15:36:39.393] Adding entry into typings cache: 'ws' => 'C:/Users/raisa/AppData/Local/Microsoft/TypeScript/4.6/node_modules/@types/ws/index.d.ts'
[15:36:39.402] Adding entry into typings cache: 'xmldom' => 'C:/Users/raisa/AppData/Local/Microsoft/TypeScript/4.6/node_modules/@types/xmldom/index.d.ts'
[15:36:39.414] Adding entry into typings cache: 'youtube-player' => 'C:/Users/raisa/AppData/Local/Microsoft/TypeScript/4.6/node_modules/@types/youtube-player/index.d.ts'
[15:36:39.415] Finished processing cache location 'C:/Users/raisa/AppData/Local/Microsoft/TypeScript/4.6'
[15:36:39.417] Process id: 12616
[15:36:39.419] NPM location: "C:\Program Files\nodejs\npm" (explicit '--npmLocation' not  provided)
[15:36:39.420] validateDefaultNpmLocation: false
[15:36:39.423] Npm config file: C:/Users/raisa/AppData/Local/Microsoft/TypeScript/4.6/package.json
[15:36:39.424] Updating types-registry npm package...
[15:36:39.427] Exec: "C:\Program Files\nodejs\npm" install --ignore-scripts types-registry@latest
[15:36:44.373]     Succeeded. stdout:
    
    up to date, audited 289 packages in 3s

19 packages are looking for funding
  run `npm fund` for details

found 0 vulnerabilities

[15:36:44.374] Updated types-registry npm package
[15:36:46.113] Got install request {"projectName":"/dev/null/inferredProject1*","fileNames":["c:/Users/raisa/AppData/Roaming/npm/node_modules/typescript/lib/lib.es5.d.ts","c:/Users/raisa/AppData/Roaming/npm/node_modules/typescript/lib/lib.es2015.d.ts","c:/Users/raisa/AppData/Roaming/npm/node_modules/typescript/lib/lib.es2016.d.ts","c:/Users/raisa/AppData/Roaming/npm/node_modules/typescript/lib/lib.dom.d.ts","c:/Users/raisa/AppData/Roaming/npm/node_modules/typescript/lib/lib.dom.iterable.d.ts","c:/Users/raisa/AppData/Roaming/npm/node_modules/typescript/lib/lib.webworker.importscripts.d.ts","c:/Users/raisa/AppData/Roaming/npm/node_modules/typescript/lib/lib.scripthost.d.ts","c:/Users/raisa/AppData/Roaming/npm/node_modules/typescript/lib/lib.es2015.core.d.ts","c:/Users/raisa/AppData/Roaming/npm/node_modules/typescript/lib/lib.es2015.collection.d.ts","c:/Users/raisa/AppData/Roaming/npm/node_modules/typescript/lib/lib.es2015.generator.d.ts","c:/Users/raisa/AppData/Roaming/npm/node_modules/typescript/lib/lib.es2015.iterable.d.ts","c:/Users/raisa/AppData/Roaming/npm/node_modules/typescript/lib/lib.es2015.promise.d.ts","c:/Users/raisa/AppData/Roaming/npm/node_modules/typescript/lib/lib.es2015.proxy.d.ts","c:/Users/raisa/AppData/Roaming/npm/node_modules/typescript/lib/lib.es2015.reflect.d.ts","c:/Users/raisa/AppData/Roaming/npm/node_modules/typescript/lib/lib.es2015.symbol.d.ts","c:/Users/raisa/AppData/Roaming/npm/node_modules/typescript/lib/lib.es2015.symbol.wellknown.d.ts","c:/Users/raisa/AppData/Roaming/npm/node_modules/typescript/lib/lib.es2016.array.include.d.ts","c:/Users/raisa/AppData/Roaming/npm/node_modules/typescript/lib/lib.es2016.full.d.ts","c:/Charicha Dev/chc-finance/server/config/index.js","c:/Charicha Dev/chc-finance/server/db/mongodb/connection.js","c:/Charicha Dev/chc-finance/server/db/mongodb/models/user.js","c:/Charicha Dev/chc-finance/server/data-access/user-db/mongodb/serializer.js","c:/Charicha Dev/chc-finance/server/models/user/user.js","c:/Charicha Dev/chc-finance/server/models/user/user-schema.js","c:/Charicha Dev/chc-finance/server/models/validator/index.js","c:/Charicha Dev/chc-finance/server/models/user/index.js","c:/Charicha Dev/chc-finance/server/data-access/user-db/mongodb/errorFormatter.js","c:/Charicha Dev/chc-finance/server/data-access/user-db/mongodb/index.js","c:/Charicha Dev/chc-finance/server/db/mongodb/models/transaction.js","c:/Charicha Dev/chc-finance/server/data-access/transaction-db/mongodb/serializer.js","c:/Charicha Dev/chc-finance/server/models/transaction/transaction.js","c:/Charicha Dev/chc-finance/server/models/transaction/transaction-schema.js","c:/Charicha Dev/chc-finance/server/models/transaction/index.js","c:/Charicha Dev/chc-finance/server/data-access/transaction-db/mongodb/errorFormatter.js","c:/Charicha Dev/chc-finance/server/db/mongodb/models/wallet.js","c:/Charicha Dev/chc-finance/server/data-access/wallet-db/mongodb/serializer.js","c:/Charicha Dev/chc-finance/server/models/wallet/wallet.js","c:/Charicha Dev/chc-finance/server/models/wallet/wallet-schema.js","c:/Charicha Dev/chc-finance/server/models/wallet/index.js","c:/Charicha Dev/chc-finance/server/data-access/wallet-db/mongodb/errorFormatter.js","c:/Charicha Dev/chc-finance/server/data-access/wallet-db/mongodb/index.js","c:/Charicha Dev/chc-finance/server/data-access/wallet-db/index.js","c:/Charicha Dev/chc-finance/server/utils/dateutils.js","c:/Charicha Dev/chc-finance/server/data-access/transaction-db/mongodb/index.js","c:/Charicha Dev/chc-finance/server/db/mongodb/models/branch.js","c:/Charicha Dev/chc-finance/server/data-access/branch-db/mongodb/serializer.js","c:/Charicha Dev/chc-finance/server/models/branch/branch.js","c:/Charicha Dev/chc-finance/server/models/branch/branch-schema.js","c:/Charicha Dev/chc-finance/server/models/branch/index.js","c:/Charicha Dev/chc-finance/server/data-access/branch-db/mongodb/errorFormatter.js","c:/Charicha Dev/chc-finance/server/data-access/branch-db/mongodb/index.js","c:/Charicha Dev/chc-finance/server/bin/index.js"],"compilerOptions":{"module":1,"target":3,"jsx":1,"allowJs":true,"allowSyntheticDefaultImports":true,"allowNonTsExtensions":true,"noEmitForJsFiles":true,"maxNodeModuleJsDepth":2},"typeAcquisition":{"enable":true,"include":[],"exclude":[]},"unresolvedImports":["joi-oid"],"projectRootPath":"c:/Charicha Dev/chc-finance/server/bin","kind":"discover"}
[15:36:46.124] Loaded safelist from types map file 'c:/users/raisa/appdata/roaming/npm/node_modules/typescript/lib/typesmap.json'
[15:36:46.125] Explicitly included types: []
[15:36:46.130] Inferred typings from unresolved imports: ["joi-oid"]
[15:36:46.130] Result: {"cachedTypingPaths":[],"newTypingNames":["joi-oid"],"filesToWatch":["c:/Charicha Dev/chc-finance/server/config/bower_components","c:/Charicha Dev/chc-finance/server/config/node_modules","c:/Charicha Dev/chc-finance/server/db/mongodb/bower_components","c:/Charicha Dev/chc-finance/server/db/mongodb/node_modules","c:/Charicha Dev/chc-finance/server/db/mongodb/models/bower_components","c:/Charicha Dev/chc-finance/server/db/mongodb/models/node_modules","c:/Charicha Dev/chc-finance/server/data-access/user-db/mongodb/bower_components","c:/Charicha Dev/chc-finance/server/data-access/user-db/mongodb/node_modules","c:/Charicha Dev/chc-finance/server/models/user/bower_components","c:/Charicha Dev/chc-finance/server/models/user/node_modules","c:/Charicha Dev/chc-finance/server/models/validator/bower_components","c:/Charicha Dev/chc-finance/server/models/validator/node_modules","c:/Charicha Dev/chc-finance/server/data-access/transaction-db/mongodb/bower_components","c:/Charicha Dev/chc-finance/server/data-access/transaction-db/mongodb/node_modules","c:/Charicha Dev/chc-finance/server/models/transaction/bower_components","c:/Charicha Dev/chc-finance/server/models/transaction/node_modules","c:/Charicha Dev/chc-finance/server/data-access/wallet-db/mongodb/bower_components","c:/Charicha Dev/chc-finance/server/data-access/wallet-db/mongodb/node_modules","c:/Charicha Dev/chc-finance/server/models/wallet/bower_components","c:/Charicha Dev/chc-finance/server/models/wallet/node_modules","c:/Charicha Dev/chc-finance/server/data-access/wallet-db/bower_components","c:/Charicha Dev/chc-finance/server/data-access/wallet-db/node_modules","c:/Charicha Dev/chc-finance/server/utils/bower_components","c:/Charicha Dev/chc-finance/server/utils/node_modules","c:/Charicha Dev/chc-finance/server/data-access/branch-db/mongodb/bower_components","c:/Charicha Dev/chc-finance/server/data-access/branch-db/mongodb/node_modules","c:/Charicha Dev/chc-finance/server/models/branch/bower_components","c:/Charicha Dev/chc-finance/server/models/branch/node_modules","c:/Charicha Dev/chc-finance/server/bin/bower_components","c:/Charicha Dev/chc-finance/server/bin/node_modules"]}
[15:36:46.131] Finished typings discovery: {"cachedTypingPaths":[],"newTypingNames":["joi-oid"],"filesToWatch":["c:/Charicha Dev/chc-finance/server/config/bower_components","c:/Charicha Dev/chc-finance/server/config/node_modules","c:/Charicha Dev/chc-finance/server/db/mongodb/bower_components","c:/Charicha Dev/chc-finance/server/db/mongodb/node_modules","c:/Charicha Dev/chc-finance/server/db/mongodb/models/bower_components","c:/Charicha Dev/chc-finance/server/db/mongodb/models/node_modules","c:/Charicha Dev/chc-finance/server/data-access/user-db/mongodb/bower_components","c:/Charicha Dev/chc-finance/server/data-access/user-db/mongodb/node_modules","c:/Charicha Dev/chc-finance/server/models/user/bower_components","c:/Charicha Dev/chc-finance/server/models/user/node_modules","c:/Charicha Dev/chc-finance/server/models/validator/bower_components","c:/Charicha Dev/chc-finance/server/models/validator/node_modules","c:/Charicha Dev/chc-finance/server/data-access/transaction-db/mongodb/bower_components","c:/Charicha Dev/chc-finance/server/data-access/transaction-db/mongodb/node_modules","c:/Charicha Dev/chc-finance/server/models/transaction/bower_components","c:/Charicha Dev/chc-finance/server/models/transaction/node_modules","c:/Charicha Dev/chc-finance/server/data-access/wallet-db/mongodb/bower_components","c:/Charicha Dev/chc-finance/server/data-access/wallet-db/mongodb/node_modules","c:/Charicha Dev/chc-finance/server/models/wallet/bower_components","c:/Charicha Dev/chc-finance/server/models/wallet/node_modules","c:/Charicha Dev/chc-finance/server/data-access/wallet-db/bower_components","c:/Charicha Dev/chc-finance/server/data-access/wallet-db/node_modules","c:/Charicha Dev/chc-finance/server/utils/bower_components","c:/Charicha Dev/chc-finance/server/utils/node_modules","c:/Charicha Dev/chc-finance/server/data-access/branch-db/mongodb/bower_components","c:/Charicha Dev/chc-finance/server/data-access/branch-db/mongodb/node_modules","c:/Charicha Dev/chc-finance/server/models/branch/bower_components","c:/Charicha Dev/chc-finance/server/models/branch/node_modules","c:/Charicha Dev/chc-finance/server/bin/bower_components","c:/Charicha Dev/chc-finance/server/bin/node_modules"]}
[15:36:46.132] DirectoryWatcher:: Added:: WatchInfo: c:/Charicha Dev/chc-finance/server/config/bower_components
[15:36:46.133] DirectoryWatcher:: Added:: WatchInfo: c:/Charicha Dev/chc-finance/server/config/bower_components 1 undefined Project: /dev/null/inferredProject1* watcher already invoked: false
[15:36:46.135] Elapsed:: 1.608899999409914ms DirectoryWatcher:: Added:: WatchInfo: c:/Charicha Dev/chc-finance/server/config/bower_components 1 undefined Project: /dev/null/inferredProject1* watcher already invoked: false
[15:36:46.135] DirectoryWatcher:: Added:: WatchInfo: c:/Charicha Dev/chc-finance/server/config/node_modules
[15:36:46.136] DirectoryWatcher:: Added:: WatchInfo: c:/Charicha Dev/chc-finance/server/config/node_modules 1 undefined Project: /dev/null/inferredProject1* watcher already invoked: false
[15:36:46.136] Elapsed:: 0.16270000021904707ms DirectoryWatcher:: Added:: WatchInfo: c:/Charicha Dev/chc-finance/server/config/node_modules 1 undefined Project: /dev/null/inferredProject1* watcher already invoked: false
[15:36:46.136] DirectoryWatcher:: Added:: WatchInfo: c:/Charicha Dev/chc-finance/server/db/mongodb/bower_components
[15:36:46.137] DirectoryWatcher:: Added:: WatchInfo: c:/Charicha Dev/chc-finance/server/db/mongodb/bower_components 1 undefined Project: /dev/null/inferredProject1* watcher already invoked: false
[15:36:46.137] Elapsed:: 0.17999999970197678ms DirectoryWatcher:: Added:: WatchInfo: c:/Charicha Dev/chc-finance/server/db/mongodb/bower_components 1 undefined Project: /dev/null/inferredProject1* watcher already invoked: false
[15:36:46.138] DirectoryWatcher:: Added:: WatchInfo: c:/Charicha Dev/chc-finance/server/db/mongodb/node_modules
[15:36:46.138] DirectoryWatcher:: Added:: WatchInfo: c:/Charicha Dev/chc-finance/server/db/mongodb/node_modules 1 undefined Project: /dev/null/inferredProject1* watcher already invoked: false
[15:36:46.138] Elapsed:: 0.1856000004336238ms DirectoryWatcher:: Added:: WatchInfo: c:/Charicha Dev/chc-finance/server/db/mongodb/node_modules 1 undefined Project: /dev/null/inferredProject1* watcher already invoked: false
[15:36:46.139] DirectoryWatcher:: Added:: WatchInfo: c:/Charicha Dev/chc-finance/server/db/mongodb/models/bower_components
[15:36:46.140] DirectoryWatcher:: Added:: WatchInfo: c:/Charicha Dev/chc-finance/server/db/mongodb/models/bower_components 1 undefined Project: /dev/null/inferredProject1* watcher already invoked: false
[15:36:46.141] Elapsed:: 0.433699999935925ms DirectoryWatcher:: Added:: WatchInfo: c:/Charicha Dev/chc-finance/server/db/mongodb/models/bower_components 1 undefined Project: /dev/null/inferredProject1* watcher already invoked: false
[15:36:46.142] DirectoryWatcher:: Added:: WatchInfo: c:/Charicha Dev/chc-finance/server/db/mongodb/models/node_modules
[15:36:46.143] DirectoryWatcher:: Added:: WatchInfo: c:/Charicha Dev/chc-finance/server/db/mongodb/models/node_modules 1 undefined Project: /dev/null/inferredProject1* watcher already invoked: false
[15:36:46.143] Elapsed:: 0.3066000007092953ms DirectoryWatcher:: Added:: WatchInfo: c:/Charicha Dev/chc-finance/server/db/mongodb/models/node_modules 1 undefined Project: /dev/null/inferredProject1* watcher already invoked: false
[15:36:46.144] DirectoryWatcher:: Added:: WatchInfo: c:/Charicha Dev/chc-finance/server/data-access/user-db/mongodb/bower_components
[15:36:46.144] DirectoryWatcher:: Added:: WatchInfo: c:/Charicha Dev/chc-finance/server/data-access/user-db/mongodb/bower_components 1 undefined Project: /dev/null/inferredProject1* watcher already invoked: false
[15:36:46.145] Elapsed:: 0.21450000070035458ms DirectoryWatcher:: Added:: WatchInfo: c:/Charicha Dev/chc-finance/server/data-access/user-db/mongodb/bower_components 1 undefined Project: /dev/null/inferredProject1* watcher already invoked: false
[15:36:46.145] DirectoryWatcher:: Added:: WatchInfo: c:/Charicha Dev/chc-finance/server/data-access/user-db/mongodb/node_modules
[15:36:46.146] DirectoryWatcher:: Added:: WatchInfo: c:/Charicha Dev/chc-finance/server/data-access/user-db/mongodb/node_modules 1 undefined Project: /dev/null/inferredProject1* watcher already invoked: false
[15:36:46.146] Elapsed:: 0.2602000003680587ms DirectoryWatcher:: Added:: WatchInfo: c:/Charicha Dev/chc-finance/server/data-access/user-db/mongodb/node_modules 1 undefined Project: /dev/null/inferredProject1* watcher already invoked: false
[15:36:46.147] DirectoryWatcher:: Added:: WatchInfo: c:/Charicha Dev/chc-finance/server/models/user/bower_components
[15:36:46.147] DirectoryWatcher:: Added:: WatchInfo: c:/Charicha Dev/chc-finance/server/models/user/bower_components 1 undefined Project: /dev/null/inferredProject1* watcher already invoked: false
[15:36:46.148] Elapsed:: 0.4931999994441867ms DirectoryWatcher:: Added:: WatchInfo: c:/Charicha Dev/chc-finance/server/models/user/bower_components 1 undefined Project: /dev/null/inferredProject1* watcher already invoked: false
[15:36:46.149] DirectoryWatcher:: Added:: WatchInfo: c:/Charicha Dev/chc-finance/server/models/user/node_modules
[15:36:46.149] DirectoryWatcher:: Added:: WatchInfo: c:/Charicha Dev/chc-finance/server/models/user/node_modules 1 undefined Project: /dev/null/inferredProject1* watcher already invoked: false
[15:36:46.150] Elapsed:: 0.577199999243021ms DirectoryWatcher:: Added:: WatchInfo: c:/Charicha Dev/chc-finance/server/models/user/node_modules 1 undefined Project: /dev/null/inferredProject1* watcher already invoked: false
[15:36:46.151] DirectoryWatcher:: Added:: WatchInfo: c:/Charicha Dev/chc-finance/server/models/validator/bower_components
[15:36:46.152] DirectoryWatcher:: Added:: WatchInfo: c:/Charicha Dev/chc-finance/server/models/validator/bower_components 1 undefined Project: /dev/null/inferredProject1* watcher already invoked: false
[15:36:46.157] Elapsed:: 0.8656000001356006ms DirectoryWatcher:: Added:: WatchInfo: c:/Charicha Dev/chc-finance/server/models/validator/bower_components 1 undefined Project: /dev/null/inferredProject1* watcher already invoked: false
[15:36:46.158] DirectoryWatcher:: Added:: WatchInfo: c:/Charicha Dev/chc-finance/server/models/validator/node_modules
[15:36:46.159] DirectoryWatcher:: Added:: WatchInfo: c:/Charicha Dev/chc-finance/server/models/validator/node_modules 1 undefined Project: /dev/null/inferredProject1* watcher already invoked: false
[15:36:46.160] Elapsed:: 0.5738000003620982ms DirectoryWatcher:: Added:: WatchInfo: c:/Charicha Dev/chc-finance/server/models/validator/node_modules 1 undefined Project: /dev/null/inferredProject1* watcher already invoked: false
[15:36:46.161] DirectoryWatcher:: Added:: WatchInfo: c:/Charicha Dev/chc-finance/server/data-access/transaction-db/mongodb/bower_components
[15:36:46.162] DirectoryWatcher:: Added:: WatchInfo: c:/Charicha Dev/chc-finance/server/data-access/transaction-db/mongodb/bower_components 1 undefined Project: /dev/null/inferredProject1* watcher already invoked: false
[15:36:46.163] Elapsed:: 0.32110000029206276ms DirectoryWatcher:: Added:: WatchInfo: c:/Charicha Dev/chc-finance/server/data-access/transaction-db/mongodb/bower_components 1 undefined Project: /dev/null/inferredProject1* watcher already invoked: false
[15:36:46.164] DirectoryWatcher:: Added:: WatchInfo: c:/Charicha Dev/chc-finance/server/data-access/transaction-db/mongodb/node_modules
[15:36:46.166] DirectoryWatcher:: Added:: WatchInfo: c:/Charicha Dev/chc-finance/server/data-access/transaction-db/mongodb/node_modules 1 undefined Project: /dev/null/inferredProject1* watcher already invoked: false
[15:36:46.167] Elapsed:: 0.9797999998554587ms DirectoryWatcher:: Added:: WatchInfo: c:/Charicha Dev/chc-finance/server/data-access/transaction-db/mongodb/node_modules 1 undefined Project: /dev/null/inferredProject1* watcher already invoked: false
[15:36:46.168] DirectoryWatcher:: Added:: WatchInfo: c:/Charicha Dev/chc-finance/server/models/transaction/bower_components
[15:36:46.169] DirectoryWatcher:: Added:: WatchInfo: c:/Charicha Dev/chc-finance/server/models/transaction/bower_components 1 undefined Project: /dev/null/inferredProject1* watcher already invoked: false
[15:36:46.171] Elapsed:: 0.799100000411272ms DirectoryWatcher:: Added:: WatchInfo: c:/Charicha Dev/chc-finance/server/models/transaction/bower_components 1 undefined Project: /dev/null/inferredProject1* watcher already invoked: false
[15:36:46.172] DirectoryWatcher:: Added:: WatchInfo: c:/Charicha Dev/chc-finance/server/models/transaction/node_modules
[15:36:46.172] DirectoryWatcher:: Added:: WatchInfo: c:/Charicha Dev/chc-finance/server/models/transaction/node_modules 1 undefined Project: /dev/null/inferredProject1* watcher already invoked: false
[15:36:46.173] Elapsed:: 0.2369999997317791ms DirectoryWatcher:: Added:: WatchInfo: c:/Charicha Dev/chc-finance/server/models/transaction/node_modules 1 undefined Project: /dev/null/inferredProject1* watcher already invoked: false
[15:36:46.173] DirectoryWatcher:: Added:: WatchInfo: c:/Charicha Dev/chc-finance/server/data-access/wallet-db/mongodb/bower_components
[15:36:46.174] DirectoryWatcher:: Added:: WatchInfo: c:/Charicha Dev/chc-finance/server/data-access/wallet-db/mongodb/bower_components 1 undefined Project: /dev/null/inferredProject1* watcher already invoked: false
[15:36:46.174] Elapsed:: 0.16770000010728836ms DirectoryWatcher:: Added:: WatchInfo: c:/Charicha Dev/chc-finance/server/data-access/wallet-db/mongodb/bower_components 1 undefined Project: /dev/null/inferredProject1* watcher already invoked: false
[15:36:46.175] DirectoryWatcher:: Added:: WatchInfo: c:/Charicha Dev/chc-finance/server/data-access/wallet-db/mongodb/node_modules
[15:36:46.175] DirectoryWatcher:: Added:: WatchInfo: c:/Charicha Dev/chc-finance/server/data-access/wallet-db/mongodb/node_modules 1 undefined Project: /dev/null/inferredProject1* watcher already invoked: false
[15:36:46.176] Elapsed:: 0.38889999967068434ms DirectoryWatcher:: Added:: WatchInfo: c:/Charicha Dev/chc-finance/server/data-access/wallet-db/mongodb/node_modules 1 undefined Project: /dev/null/inferredProject1* watcher already invoked: false
[15:36:46.177] DirectoryWatcher:: Added:: WatchInfo: c:/Charicha Dev/chc-finance/server/models/wallet/bower_components
[15:36:46.177] DirectoryWatcher:: Added:: WatchInfo: c:/Charicha Dev/chc-finance/server/models/wallet/bower_components 1 undefined Project: /dev/null/inferredProject1* watcher already invoked: false
[15:36:46.178] Elapsed:: 0.3831000002101064ms DirectoryWatcher:: Added:: WatchInfo: c:/Charicha Dev/chc-finance/server/models/wallet/bower_components 1 undefined Project: /dev/null/inferredProject1* watcher already invoked: false
[15:36:46.179] DirectoryWatcher:: Added:: WatchInfo: c:/Charicha Dev/chc-finance/server/models/wallet/node_modules
[15:36:46.180] DirectoryWatcher:: Added:: WatchInfo: c:/Charicha Dev/chc-finance/server/models/wallet/node_modules 1 undefined Project: /dev/null/inferredProject1* watcher already invoked: false
[15:36:46.181] Elapsed:: 0.32540000043809414ms DirectoryWatcher:: Added:: WatchInfo: c:/Charicha Dev/chc-finance/server/models/wallet/node_modules 1 undefined Project: /dev/null/inferredProject1* watcher already invoked: false
[15:36:46.181] DirectoryWatcher:: Added:: WatchInfo: c:/Charicha Dev/chc-finance/server/data-access/wallet-db/bower_components
[15:36:46.182] DirectoryWatcher:: Added:: WatchInfo: c:/Charicha Dev/chc-finance/server/data-access/wallet-db/bower_components 1 undefined Project: /dev/null/inferredProject1* watcher already invoked: false
[15:36:46.183] Elapsed:: 0.3177999993786216ms DirectoryWatcher:: Added:: WatchInfo: c:/Charicha Dev/chc-finance/server/data-access/wallet-db/bower_components 1 undefined Project: /dev/null/inferredProject1* watcher already invoked: false
[15:36:46.183] DirectoryWatcher:: Added:: WatchInfo: c:/Charicha Dev/chc-finance/server/data-access/wallet-db/node_modules
[15:36:46.185] DirectoryWatcher:: Added:: WatchInfo: c:/Charicha Dev/chc-finance/server/data-access/wallet-db/node_modules 1 undefined Project: /dev/null/inferredProject1* watcher already invoked: false
[15:36:46.186] Elapsed:: 0.26500000059604645ms DirectoryWatcher:: Added:: WatchInfo: c:/Charicha Dev/chc-finance/server/data-access/wallet-db/node_modules 1 undefined Project: /dev/null/inferredProject1* watcher already invoked: false
[15:36:46.186] DirectoryWatcher:: Added:: WatchInfo: c:/Charicha Dev/chc-finance/server/utils/bower_components
[15:36:46.187] DirectoryWatcher:: Added:: WatchInfo: c:/Charicha Dev/chc-finance/server/utils/bower_components 1 undefined Project: /dev/null/inferredProject1* watcher already invoked: false
[15:36:46.188] Elapsed:: 0.2319999998435378ms DirectoryWatcher:: Added:: WatchInfo: c:/Charicha Dev/chc-finance/server/utils/bower_components 1 undefined Project: /dev/null/inferredProject1* watcher already invoked: false
[15:36:46.189] DirectoryWatcher:: Added:: WatchInfo: c:/Charicha Dev/chc-finance/server/utils/node_modules
[15:36:46.189] DirectoryWatcher:: Added:: WatchInfo: c:/Charicha Dev/chc-finance/server/utils/node_modules 1 undefined Project: /dev/null/inferredProject1* watcher already invoked: false
[15:36:46.190] Elapsed:: 0.3089000005275011ms DirectoryWatcher:: Added:: WatchInfo: c:/Charicha Dev/chc-finance/server/utils/node_modules 1 undefined Project: /dev/null/inferredProject1* watcher already invoked: false
[15:36:46.190] DirectoryWatcher:: Added:: WatchInfo: c:/Charicha Dev/chc-finance/server/data-access/branch-db/mongodb/bower_components
[15:36:46.191] DirectoryWatcher:: Added:: WatchInfo: c:/Charicha Dev/chc-finance/server/data-access/branch-db/mongodb/bower_components 1 undefined Project: /dev/null/inferredProject1* watcher already invoked: false
[15:36:46.192] Elapsed:: 0.3736000005155802ms DirectoryWatcher:: Added:: WatchInfo: c:/Charicha Dev/chc-finance/server/data-access/branch-db/mongodb/bower_components 1 undefined Project: /dev/null/inferredProject1* watcher already invoked: false
[15:36:46.193] DirectoryWatcher:: Added:: WatchInfo: c:/Charicha Dev/chc-finance/server/data-access/branch-db/mongodb/node_modules
[15:36:46.193] DirectoryWatcher:: Added:: WatchInfo: c:/Charicha Dev/chc-finance/server/data-access/branch-db/mongodb/node_modules 1 undefined Project: /dev/null/inferredProject1* watcher already invoked: false
[15:36:46.194] Elapsed:: 0.33179999981075525ms DirectoryWatcher:: Added:: WatchInfo: c:/Charicha Dev/chc-finance/server/data-access/branch-db/mongodb/node_modules 1 undefined Project: /dev/null/inferredProject1* watcher already invoked: false
[15:36:46.195] DirectoryWatcher:: Added:: WatchInfo: c:/Charicha Dev/chc-finance/server/models/branch/bower_components
[15:36:46.196] DirectoryWatcher:: Added:: WatchInfo: c:/Charicha Dev/chc-finance/server/models/branch/bower_components 1 undefined Project: /dev/null/inferredProject1* watcher already invoked: false
[15:36:46.197] Elapsed:: 0.4417999992147088ms DirectoryWatcher:: Added:: WatchInfo: c:/Charicha Dev/chc-finance/server/models/branch/bower_components 1 undefined Project: /dev/null/inferredProject1* watcher already invoked: false
[15:36:46.198] DirectoryWatcher:: Added:: WatchInfo: c:/Charicha Dev/chc-finance/server/models/branch/node_modules
[15:36:46.199] DirectoryWatcher:: Added:: WatchInfo: c:/Charicha Dev/chc-finance/server/models/branch/node_modules 1 undefined Project: /dev/null/inferredProject1* watcher already invoked: false
[15:36:46.200] Elapsed:: 0.6185999996960163ms DirectoryWatcher:: Added:: WatchInfo: c:/Charicha Dev/chc-finance/server/models/branch/node_modules 1 undefined Project: /dev/null/inferredProject1* watcher already invoked: false
[15:36:46.201] DirectoryWatcher:: Added:: WatchInfo: c:/Charicha Dev/chc-finance/server/bin/bower_components
[15:36:46.201] DirectoryWatcher:: Added:: WatchInfo: c:/Charicha Dev/chc-finance/server/bin/bower_components 1 undefined Project: /dev/null/inferredProject1* watcher already invoked: false
[15:36:46.202] Elapsed:: 0.39690000005066395ms DirectoryWatcher:: Added:: WatchInfo: c:/Charicha Dev/chc-finance/server/bin/bower_components 1 undefined Project: /dev/null/inferredProject1* watcher already invoked: false
[15:36:46.204] DirectoryWatcher:: Added:: WatchInfo: c:/Charicha Dev/chc-finance/server/bin/node_modules
[15:36:46.206] DirectoryWatcher:: Added:: WatchInfo: c:/Charicha Dev/chc-finance/server/bin/node_modules 1 undefined Project: /dev/null/inferredProject1* watcher already invoked: false
[15:36:46.207] Elapsed:: 0.573399999178946ms DirectoryWatcher:: Added:: WatchInfo: c:/Charicha Dev/chc-finance/server/bin/node_modules 1 undefined Project: /dev/null/inferredProject1* watcher already invoked: false
[15:36:46.209] Installing typings ["joi-oid"]
[15:36:46.213] 'joi-oid':: Entry for package 'joi-oid' does not exist in local types registry - skipping...
[15:36:46.214] All typings are known to be missing or invalid - no need to install more typings
[15:36:46.216] Sending response:
    {"projectName":"/dev/null/inferredProject1*","typeAcquisition":{"enable":true,"include":[],"exclude":[]},"compilerOptions":{"module":1,"target":3,"jsx":1,"allowJs":true,"allowSyntheticDefaultImports":true,"allowNonTsExtensions":true,"noEmitForJsFiles":true,"maxNodeModuleJsDepth":2},"typings":[],"unresolvedImports":["joi-oid"],"kind":"action::set"}
[15:36:46.218] Response has been sent.
